<?xml version="1.0" encoding="UTF-8"?>
<testng-results ignored="0" total="4" passed="3" failed="1" skipped="0">
  <reporter-output>
  </reporter-output>
  <suite started-at="2022-10-21T12:04:33 IST" name="Default suite" finished-at="2022-10-21T12:05:03 IST" duration-ms="29488">
    <groups>
    </groups>
    <test started-at="2022-10-21T12:04:33 IST" name="Default test" finished-at="2022-10-21T12:05:03 IST" duration-ms="29488">
      <class name="tests.HomePageTest">
        <test-method is-config="true" signature="setUp()[pri:0, instance:tests.HomePageTest@6d366c9b]" started-at="2022-10-21T12:04:33 IST" name="setUp" finished-at="2022-10-21T12:04:43 IST" duration-ms="9810" status="PASS">
          <reporter-output>
          </reporter-output>
        </test-method> <!-- setUp -->
        <test-method signature="LoginTestCase()[pri:1, instance:tests.HomePageTest@6d366c9b]" started-at="2022-10-21T12:04:43 IST" name="LoginTestCase" finished-at="2022-10-21T12:04:50 IST" duration-ms="7085" status="FAIL">
          <exception class="java.lang.NullPointerException">
            <message>
              <![CDATA[Cannot invoke "pages.HomePage.okButton()" because "this.homepage" is null]]>
            </message>
            <full-stacktrace>
              <![CDATA[java.lang.NullPointerException: Cannot invoke "pages.HomePage.okButton()" because "this.homepage" is null
at tests.HomePageTest.LoginTestCase(HomePageTest.java:80)
at java.base/jdk.internal.reflect.DirectMethodHandleAccessor.invoke(DirectMethodHandleAccessor.java:104)
at java.base/java.lang.reflect.Method.invoke(Method.java:577)
at org.testng.internal.MethodInvocationHelper.invokeMethod(MethodInvocationHelper.java:133)
at org.testng.internal.TestInvoker.invokeMethod(TestInvoker.java:598)
at org.testng.internal.TestInvoker.invokeTestMethod(TestInvoker.java:173)
at org.testng.internal.MethodRunner.runInSequence(MethodRunner.java:46)
at org.testng.internal.TestInvoker$MethodInvocationAgent.invoke(TestInvoker.java:824)
at org.testng.internal.TestInvoker.invokeTestMethods(TestInvoker.java:146)
at org.testng.internal.TestMethodWorker.invokeTestMethods(TestMethodWorker.java:146)
at org.testng.internal.TestMethodWorker.run(TestMethodWorker.java:128)
at java.base/java.util.ArrayList.forEach(ArrayList.java:1511)
at org.testng.TestRunner.privateRun(TestRunner.java:794)
at org.testng.TestRunner.run(TestRunner.java:596)
at org.testng.SuiteRunner.runTest(SuiteRunner.java:377)
at org.testng.SuiteRunner.runSequentially(SuiteRunner.java:371)
at org.testng.SuiteRunner.privateRun(SuiteRunner.java:332)
at org.testng.SuiteRunner.run(SuiteRunner.java:276)
at org.testng.SuiteRunnerWorker.runSuite(SuiteRunnerWorker.java:53)
at org.testng.SuiteRunnerWorker.run(SuiteRunnerWorker.java:96)
at org.testng.TestNG.runSuitesSequentially(TestNG.java:1212)
at org.testng.TestNG.runSuitesLocally(TestNG.java:1134)
at org.testng.TestNG.runSuites(TestNG.java:1063)
at org.testng.TestNG.run(TestNG.java:1031)
at org.testng.remote.AbstractRemoteTestNG.run(AbstractRemoteTestNG.java:115)
at org.testng.remote.RemoteTestNG.initAndRun(RemoteTestNG.java:251)
at org.testng.remote.RemoteTestNG.main(RemoteTestNG.java:77)
]]>
            </full-stacktrace>
          </exception> <!-- java.lang.NullPointerException -->
          <reporter-output>
          </reporter-output>
        </test-method> <!-- LoginTestCase -->
        <test-method signature="SearchTestCase()[pri:2, instance:tests.HomePageTest@6d366c9b]" started-at="2022-10-21T12:04:50 IST" name="SearchTestCase" finished-at="2022-10-21T12:04:55 IST" duration-ms="4639" status="PASS">
          <reporter-output>
          </reporter-output>
        </test-method> <!-- SearchTestCase -->
        <test-method signature="BookingTestCase()[pri:3, instance:tests.HomePageTest@6d366c9b]" started-at="2022-10-21T12:04:55 IST" name="BookingTestCase" finished-at="2022-10-21T12:04:59 IST" duration-ms="3806" status="PASS">
          <reporter-output>
          </reporter-output>
        </test-method> <!-- BookingTestCase -->
        <test-method signature="PnrTestCase()[pri:4, instance:tests.HomePageTest@6d366c9b]" started-at="2022-10-21T12:04:59 IST" name="PnrTestCase" finished-at="2022-10-21T12:05:03 IST" duration-ms="3737" status="PASS">
          <reporter-output>
          </reporter-output>
        </test-method> <!-- PnrTestCase -->
        <test-method is-config="true" signature="tearDown()[pri:0, instance:tests.HomePageTest@6d366c9b]" started-at="2022-10-21T12:05:03 IST" name="tearDown" finished-at="2022-10-21T12:05:03 IST" duration-ms="337" status="PASS">
          <reporter-output>
          </reporter-output>
        </test-method> <!-- tearDown -->
      </class> <!-- tests.HomePageTest -->
    </test> <!-- Default test -->
  </suite> <!-- Default suite -->
</testng-results>
